<?xml version="1.0" encoding="UTF-8"?>
<testng-results skipped="0" failed="0" ignored="0" total="1" passed="1">
  <reporter-output>
  </reporter-output>
  <suite name="Command line suite" duration-ms="8" started-at="2018-05-13T23:44:26Z" finished-at="2018-05-13T23:44:26Z">
    <groups>
    </groups>
    <test name="Command line test" duration-ms="8" started-at="2018-05-13T23:44:26Z" finished-at="2018-05-13T23:44:26Z">
      <class name="com.practice.java.selenium.seleniumpomexample.AppTest">
        <test-method status="PASS" signature="testApp()[pri:0, instance:testApp(com.practice.java.selenium.seleniumpomexample.AppTest)]" name="testApp" duration-ms="1" started-at="2018-05-13T23:44:26Z" finished-at="2018-05-13T23:44:26Z">
          <reporter-output>
          </reporter-output>
        </test-method> <!-- testApp -->
      </class> <!-- com.practice.java.selenium.seleniumpomexample.AppTest -->
    </test> <!-- Command line test -->
  </suite> <!-- Command line suite -->
</testng-results>
