<?xml version="1.0" encoding="UTF-8"?>
<!-- Generated by org.testng.reporters.JUnitXMLReporter -->
<testsuite hostname="LNAR-PC0611GC" ignored="0" name="Nopackage" tests="4" failures="0" timestamp="13 May 2018 08:57:49 GMT" time="15.497" errors="0">
  <testcase name="setUp" time="8.293" classname="com.practice.java.selenium.seleniumpomexample.LoginTest"/>
  <testcase name="enterSearchTest" time="0.314" classname="com.practice.java.selenium.seleniumpomexample.LoginTest"/>
  <testcase name="clickSearchBtnTest" time="6.006" classname="com.practice.java.selenium.seleniumpomexample.LoginTest"/>
  <testcase name="quitWebDriver" time="0.814" classname="com.practice.java.selenium.seleniumpomexample.LoginTest"/>
</testsuite> <!-- Nopackage -->
