<?xml version="1.0" encoding="UTF-8"?>
<!-- Generated by org.testng.reporters.JUnitXMLReporter -->
<testsuite hostname="LNAR-PC0611GC" ignored="0" name="Nopackage" tests="2" failures="1" timestamp="20 May 2018 06:33:30 GMT" time="23.464" errors="0">
  <testcase name="initilizeBase" time="6.772" classname="com.practice.java.selenium.qa.pages.BrokenLinkTest"/>
  <testcase name="verifyBrokenLink" time="16.641" classname="com.practice.java.selenium.qa.pages.BrokenLinkTest">
    <failure type="java.net.MalformedURLException" message="unknown protocol: javascript">
      <![CDATA[java.net.MalformedURLException: unknown protocol: javascript
at java.net.URL.<init>(Unknown Source)
at java.net.URL.<init>(Unknown Source)
at java.net.URL.<init>(Unknown Source)
at com.practice.java.selenium.qa.pages.BrokenLinkTest.verifyBrokenLink(BrokenLinkTest.java)
... Removed 25 stack frames]]>
    </failure>
  </testcase> <!-- verifyBrokenLink -->
</testsuite> <!-- Nopackage -->
