<?xml version="1.0" encoding="UTF-8"?>
<testng-results skipped="0" failed="0" ignored="0" total="4" passed="4">
  <reporter-output>
  </reporter-output>
  <suite name="Command line suite" duration-ms="16021" started-at="2018-05-13T23:44:09Z" finished-at="2018-05-13T23:44:25Z">
    <groups>
    </groups>
    <test name="Command line test" duration-ms="16021" started-at="2018-05-13T23:44:09Z" finished-at="2018-05-13T23:44:25Z">
      <class name="com.practice.java.selenium.seleniumpomexample.LoginTest">
        <test-method status="PASS" signature="setUp()[pri:0, instance:com.practice.java.selenium.seleniumpomexample.LoginTest@3b81a1bc]" name="setUp" duration-ms="8824" started-at="2018-05-13T23:44:09Z" finished-at="2018-05-13T23:44:18Z">
          <reporter-output>
          </reporter-output>
        </test-method> <!-- setUp -->
        <test-method status="PASS" signature="enterSearchTest(java.lang.String)[pri:0, instance:com.practice.java.selenium.seleniumpomexample.LoginTest@3b81a1bc]" name="enterSearchTest" duration-ms="233" started-at="2018-05-13T23:44:18Z" depends-on-methods="com.practice.java.selenium.seleniumpomexample.LoginTest.setUp" finished-at="2018-05-13T23:44:19Z">
          <params>
            <param index="0">
              <value>
                <![CDATA[selenium webdriver]]>
              </value>
            </param>
          </params>
          <reporter-output>
          </reporter-output>
        </test-method> <!-- enterSearchTest -->
        <test-method status="PASS" signature="clickSearchBtnTest()[pri:0, instance:com.practice.java.selenium.seleniumpomexample.LoginTest@3b81a1bc]" name="clickSearchBtnTest" duration-ms="5959" started-at="2018-05-13T23:44:19Z" depends-on-methods="com.practice.java.selenium.seleniumpomexample.LoginTest.enterSearchTest" finished-at="2018-05-13T23:44:24Z">
          <reporter-output>
          </reporter-output>
        </test-method> <!-- clickSearchBtnTest -->
        <test-method status="PASS" signature="quitWebDriver()[pri:0, instance:com.practice.java.selenium.seleniumpomexample.LoginTest@3b81a1bc]" name="quitWebDriver" duration-ms="956" started-at="2018-05-13T23:44:24Z" depends-on-methods="com.practice.java.selenium.seleniumpomexample.LoginTest.clickSearchBtnTest" finished-at="2018-05-13T23:44:25Z">
          <reporter-output>
          </reporter-output>
        </test-method> <!-- quitWebDriver -->
      </class> <!-- com.practice.java.selenium.seleniumpomexample.LoginTest -->
    </test> <!-- Command line test -->
  </suite> <!-- Command line suite -->
</testng-results>
