<?xml version="1.0" encoding="UTF-8"?>
<!-- Generated by org.testng.reporters.JUnitXMLReporter -->
<testsuite hostname="LNAR-PC0611GC" ignored="0" name="Command line test" tests="4" failures="0" timestamp="13 May 2018 23:44:26 GMT" time="16.021" errors="0">
  <testcase name="setUp" time="8.824" classname="com.practice.java.selenium.seleniumpomexample.LoginTest"/>
  <testcase name="enterSearchTest" time="0.233" classname="com.practice.java.selenium.seleniumpomexample.LoginTest"/>
  <testcase name="clickSearchBtnTest" time="5.959" classname="com.practice.java.selenium.seleniumpomexample.LoginTest"/>
  <testcase name="quitWebDriver" time="0.956" classname="com.practice.java.selenium.seleniumpomexample.LoginTest"/>
</testsuite> <!-- Command line test -->
